<?xml version="1.0" encoding="UTF-8"?>
<coverage generated="1687390853322" clover="3.2.0">
  <project timestamp="1687390853322" name="All files">
    <metrics statements="79" coveredstatements="79" conditionals="19" coveredconditionals="18" methods="8" coveredmethods="8" elements="106" coveredelements="105" complexity="0" loc="79" ncloc="79" packages="1" files="2" classes="2"/>
    <file name="file-date-checker.ts" path="/home/diego/Documentos/projects/folder-deleter/src/helpers/file-date-checker.ts">
      <metrics statements="21" coveredstatements="21" conditionals="4" coveredconditionals="4" methods="2" coveredmethods="2"/>
      <line num="1" count="1" type="stmt"/>
      <line num="2" count="1" type="stmt"/>
      <line num="3" count="1" type="stmt"/>
      <line num="4" count="1" type="stmt"/>
      <line num="5" count="1" type="stmt"/>
      <line num="6" count="1" type="cond" truecount="1" falsecount="0"/>
      <line num="7" count="13298" type="stmt"/>
      <line num="8" count="13298" type="stmt"/>
      <line num="9" count="1" type="stmt"/>
      <line num="10" count="1" type="cond" truecount="1" falsecount="0"/>
      <line num="11" count="13298" type="cond" truecount="2" falsecount="0"/>
      <line num="12" count="1" type="stmt"/>
      <line num="13" count="1" type="stmt"/>
      <line num="14" count="13297" type="stmt"/>
      <line num="15" count="13297" type="stmt"/>
      <line num="16" count="13297" type="stmt"/>
      <line num="17" count="13297" type="stmt"/>
      <line num="18" count="13297" type="stmt"/>
      <line num="19" count="1" type="stmt"/>
      <line num="20" count="1" type="stmt"/>
      <line num="21" count="1" type="stmt"/>
    </file>
    <file name="folder-is-within-range.ts" path="/home/diego/Documentos/projects/folder-deleter/src/helpers/folder-is-within-range.ts">
      <metrics statements="58" coveredstatements="58" conditionals="15" coveredconditionals="14" methods="6" coveredmethods="6"/>
      <line num="1" count="1" type="stmt"/>
      <line num="2" count="1" type="stmt"/>
      <line num="3" count="1" type="stmt"/>
      <line num="4" count="1" type="stmt"/>
      <line num="5" count="4" type="cond" truecount="1" falsecount="0"/>
      <line num="6" count="4" type="stmt"/>
      <line num="7" count="4" type="stmt"/>
      <line num="8" count="4" type="stmt"/>
      <line num="9" count="4" type="stmt"/>
      <line num="10" count="4" type="cond" truecount="1" falsecount="0"/>
      <line num="11" count="4" type="stmt"/>
      <line num="12" count="4" type="stmt"/>
      <line num="13" count="4" type="stmt"/>
      <line num="14" count="4" type="cond" truecount="1" falsecount="0"/>
      <line num="15" count="4" type="cond" truecount="1" falsecount="0"/>
      <line num="16" count="1" type="stmt"/>
      <line num="17" count="1" type="cond" truecount="1" falsecount="0"/>
      <line num="18" count="3" type="stmt"/>
      <line num="19" count="4" type="cond" truecount="1" falsecount="0"/>
      <line num="20" count="1" type="stmt"/>
      <line num="21" count="1" type="cond" truecount="1" falsecount="0"/>
      <line num="22" count="2" type="stmt"/>
      <line num="23" count="2" type="stmt"/>
      <line num="24" count="2" type="stmt"/>
      <line num="25" count="2" type="stmt"/>
      <line num="26" count="2" type="stmt"/>
      <line num="27" count="4" type="stmt"/>
      <line num="28" count="4" type="cond" truecount="1" falsecount="0"/>
      <line num="29" count="1670" type="stmt"/>
      <line num="30" count="1670" type="cond" truecount="1" falsecount="0"/>
      <line num="31" count="13296" type="stmt"/>
      <line num="32" count="13296" type="cond" truecount="1" falsecount="0"/>
      <line num="33" count="1668" type="stmt"/>
      <line num="34" count="1668" type="cond" truecount="0" falsecount="1"/>
      <line num="35" count="1668" type="stmt"/>
      <line num="36" count="13296" type="stmt"/>
      <line num="37" count="13296" type="cond" truecount="1" falsecount="0"/>
      <line num="38" count="13296" type="cond" truecount="1" falsecount="0"/>
      <line num="39" count="1669" type="stmt"/>
      <line num="40" count="1669" type="stmt"/>
      <line num="41" count="4" type="stmt"/>
      <line num="42" count="4" type="cond" truecount="1" falsecount="0"/>
      <line num="43" count="13296" type="stmt"/>
      <line num="44" count="13296" type="stmt"/>
      <line num="45" count="13296" type="stmt"/>
      <line num="46" count="13296" type="stmt"/>
      <line num="47" count="13296" type="stmt"/>
      <line num="48" count="13296" type="stmt"/>
      <line num="49" count="13296" type="stmt"/>
      <line num="50" count="13296" type="stmt"/>
      <line num="51" count="13296" type="stmt"/>
      <line num="52" count="4" type="stmt"/>
      <line num="53" count="4" type="cond" truecount="1" falsecount="0"/>
      <line num="54" count="13295" type="stmt"/>
      <line num="55" count="13295" type="stmt"/>
      <line num="56" count="4" type="stmt"/>
      <line num="57" count="1" type="stmt"/>
      <line num="58" count="1" type="stmt"/>
    </file>
  </project>
</coverage>
