{"/home/diego/Documentos/projects/folder-deleter/src/helpers/file-date-checker.ts": {"path":"/home/diego/Documentos/projects/folder-deleter/src/helpers/file-date-checker.ts","all":false,"statementMap":{"0":{"start":{"line":1,"column":0},"end":{"line":1,"column":19}},"1":{"start":{"line":2,"column":0},"end":{"line":2,"column":0}},"2":{"start":{"line":3,"column":0},"end":{"line":3,"column":23}},"3":{"start":{"line":4,"column":0},"end":{"line":4,"column":35}},"4":{"start":{"line":5,"column":0},"end":{"line":5,"column":0}},"5":{"start":{"line":6,"column":0},"end":{"line":6,"column":34}},"6":{"start":{"line":7,"column":0},"end":{"line":7,"column":28}},"7":{"start":{"line":8,"column":0},"end":{"line":8,"column":3}},"8":{"start":{"line":9,"column":0},"end":{"line":9,"column":0}},"9":{"start":{"line":10,"column":0},"end":{"line":10,"column":25}},"10":{"start":{"line":11,"column":0},"end":{"line":11,"column":40}},"11":{"start":{"line":12,"column":0},"end":{"line":12,"column":63}},"12":{"start":{"line":13,"column":0},"end":{"line":13,"column":5}},"13":{"start":{"line":14,"column":0},"end":{"line":14,"column":0}},"14":{"start":{"line":15,"column":0},"end":{"line":15,"column":44}},"15":{"start":{"line":16,"column":0},"end":{"line":16,"column":0}},"16":{"start":{"line":17,"column":0},"end":{"line":17,"column":22}},"17":{"start":{"line":18,"column":0},"end":{"line":18,"column":3}},"18":{"start":{"line":19,"column":0},"end":{"line":19,"column":1}},"19":{"start":{"line":20,"column":0},"end":{"line":20,"column":0}},"20":{"start":{"line":21,"column":0},"end":{"line":21,"column":30}}},"s":{"0":1,"1":1,"2":1,"3":1,"4":1,"5":1,"6":13298,"7":13298,"8":1,"9":1,"10":13298,"11":1,"12":1,"13":13297,"14":13297,"15":13297,"16":13297,"17":13297,"18":1,"19":1,"20":1},"branchMap":{"0":{"type":"branch","line":6,"loc":{"start":{"line":6,"column":2},"end":{"line":8,"column":3}},"locations":[{"start":{"line":6,"column":2},"end":{"line":8,"column":3}}]},"1":{"type":"branch","line":10,"loc":{"start":{"line":10,"column":9},"end":{"line":18,"column":3}},"locations":[{"start":{"line":10,"column":9},"end":{"line":18,"column":3}}]},"2":{"type":"branch","line":11,"loc":{"start":{"line":11,"column":39},"end":{"line":18,"column":3}},"locations":[{"start":{"line":11,"column":39},"end":{"line":18,"column":3}}]},"3":{"type":"branch","line":11,"loc":{"start":{"line":11,"column":39},"end":{"line":13,"column":5}},"locations":[{"start":{"line":11,"column":39},"end":{"line":13,"column":5}}]}},"b":{"0":[13298],"1":[13298],"2":[13297],"3":[1]},"fnMap":{"0":{"name":"FileDateChecker","decl":{"start":{"line":6,"column":2},"end":{"line":8,"column":3}},"loc":{"start":{"line":6,"column":2},"end":{"line":8,"column":3}},"line":6},"1":{"name":"check","decl":{"start":{"line":10,"column":9},"end":{"line":18,"column":3}},"loc":{"start":{"line":10,"column":9},"end":{"line":18,"column":3}},"line":10}},"f":{"0":13298,"1":13298}}
,"/home/diego/Documentos/projects/folder-deleter/src/helpers/folder-is-within-range.ts": {"path":"/home/diego/Documentos/projects/folder-deleter/src/helpers/folder-is-within-range.ts","all":false,"statementMap":{"0":{"start":{"line":1,"column":0},"end":{"line":1,"column":19}},"1":{"start":{"line":2,"column":0},"end":{"line":2,"column":23}},"2":{"start":{"line":3,"column":0},"end":{"line":3,"column":49}},"3":{"start":{"line":4,"column":0},"end":{"line":4,"column":0}},"4":{"start":{"line":5,"column":0},"end":{"line":5,"column":27}},"5":{"start":{"line":6,"column":0},"end":{"line":6,"column":38}},"6":{"start":{"line":7,"column":0},"end":{"line":7,"column":0}},"7":{"start":{"line":8,"column":0},"end":{"line":8,"column":37}},"8":{"start":{"line":9,"column":0},"end":{"line":9,"column":0}},"9":{"start":{"line":10,"column":0},"end":{"line":10,"column":36}},"10":{"start":{"line":11,"column":0},"end":{"line":11,"column":32}},"11":{"start":{"line":12,"column":0},"end":{"line":12,"column":3}},"12":{"start":{"line":13,"column":0},"end":{"line":13,"column":0}},"13":{"start":{"line":14,"column":0},"end":{"line":14,"column":28}},"14":{"start":{"line":15,"column":0},"end":{"line":15,"column":42}},"15":{"start":{"line":16,"column":0},"end":{"line":16,"column":65}},"16":{"start":{"line":17,"column":0},"end":{"line":17,"column":5}},"17":{"start":{"line":18,"column":0},"end":{"line":18,"column":0}},"18":{"start":{"line":19,"column":0},"end":{"line":19,"column":54}},"19":{"start":{"line":20,"column":0},"end":{"line":20,"column":67}},"20":{"start":{"line":21,"column":0},"end":{"line":21,"column":5}},"21":{"start":{"line":22,"column":0},"end":{"line":22,"column":0}},"22":{"start":{"line":23,"column":0},"end":{"line":23,"column":60}},"23":{"start":{"line":24,"column":0},"end":{"line":24,"column":0}},"24":{"start":{"line":25,"column":0},"end":{"line":25,"column":26}},"25":{"start":{"line":26,"column":0},"end":{"line":26,"column":3}},"26":{"start":{"line":27,"column":0},"end":{"line":27,"column":0}},"27":{"start":{"line":28,"column":0},"end":{"line":28,"column":48}},"28":{"start":{"line":29,"column":0},"end":{"line":29,"column":48}},"29":{"start":{"line":30,"column":0},"end":{"line":30,"column":48}},"30":{"start":{"line":31,"column":0},"end":{"line":31,"column":46}},"31":{"start":{"line":32,"column":0},"end":{"line":32,"column":48}},"32":{"start":{"line":33,"column":0},"end":{"line":33,"column":54}},"33":{"start":{"line":34,"column":0},"end":{"line":34,"column":43}},"34":{"start":{"line":35,"column":0},"end":{"line":35,"column":7}},"35":{"start":{"line":36,"column":0},"end":{"line":36,"column":52}},"36":{"start":{"line":37,"column":0},"end":{"line":37,"column":39}},"37":{"start":{"line":38,"column":0},"end":{"line":38,"column":5}},"38":{"start":{"line":39,"column":0},"end":{"line":39,"column":15}},"39":{"start":{"line":40,"column":0},"end":{"line":40,"column":3}},"40":{"start":{"line":41,"column":0},"end":{"line":41,"column":0}},"41":{"start":{"line":42,"column":0},"end":{"line":42,"column":48}},"42":{"start":{"line":43,"column":0},"end":{"line":43,"column":45}},"43":{"start":{"line":44,"column":0},"end":{"line":44,"column":6}},"44":{"start":{"line":45,"column":0},"end":{"line":45,"column":53}},"45":{"start":{"line":46,"column":0},"end":{"line":46,"column":44}},"46":{"start":{"line":47,"column":0},"end":{"line":47,"column":6}},"47":{"start":{"line":48,"column":0},"end":{"line":48,"column":66}},"48":{"start":{"line":49,"column":0},"end":{"line":49,"column":6}},"49":{"start":{"line":50,"column":0},"end":{"line":50,"column":34}},"50":{"start":{"line":51,"column":0},"end":{"line":51,"column":3}},"51":{"start":{"line":52,"column":0},"end":{"line":52,"column":0}},"52":{"start":{"line":53,"column":0},"end":{"line":53,"column":35}},"53":{"start":{"line":54,"column":0},"end":{"line":54,"column":21}},"54":{"start":{"line":55,"column":0},"end":{"line":55,"column":3}},"55":{"start":{"line":56,"column":0},"end":{"line":56,"column":1}},"56":{"start":{"line":57,"column":0},"end":{"line":57,"column":0}},"57":{"start":{"line":58,"column":0},"end":{"line":58,"column":34}}},"s":{"0":1,"1":1,"2":1,"3":1,"4":4,"5":4,"6":4,"7":4,"8":4,"9":4,"10":4,"11":4,"12":4,"13":4,"14":4,"15":1,"16":1,"17":3,"18":4,"19":1,"20":1,"21":2,"22":2,"23":2,"24":2,"25":2,"26":4,"27":4,"28":1670,"29":1670,"30":13296,"31":13296,"32":1668,"33":1668,"34":1668,"35":13296,"36":13296,"37":13296,"38":1669,"39":1669,"40":4,"41":4,"42":13296,"43":13296,"44":13296,"45":13296,"46":13296,"47":13296,"48":13296,"49":13296,"50":13296,"51":4,"52":4,"53":13295,"54":13295,"55":4,"56":1,"57":1},"branchMap":{"0":{"type":"branch","line":5,"loc":{"start":{"line":5,"column":0},"end":{"line":56,"column":1}},"locations":[{"start":{"line":5,"column":0},"end":{"line":56,"column":1}}]},"1":{"type":"branch","line":10,"loc":{"start":{"line":10,"column":2},"end":{"line":12,"column":3}},"locations":[{"start":{"line":10,"column":2},"end":{"line":12,"column":3}}]},"2":{"type":"branch","line":14,"loc":{"start":{"line":14,"column":9},"end":{"line":26,"column":3}},"locations":[{"start":{"line":14,"column":9},"end":{"line":26,"column":3}}]},"3":{"type":"branch","line":15,"loc":{"start":{"line":15,"column":41},"end":{"line":17,"column":5}},"locations":[{"start":{"line":15,"column":41},"end":{"line":17,"column":5}}]},"4":{"type":"branch","line":17,"loc":{"start":{"line":17,"column":4},"end":{"line":19,"column":53}},"locations":[{"start":{"line":17,"column":4},"end":{"line":19,"column":53}}]},"5":{"type":"branch","line":19,"loc":{"start":{"line":19,"column":53},"end":{"line":21,"column":5}},"locations":[{"start":{"line":19,"column":53},"end":{"line":21,"column":5}}]},"6":{"type":"branch","line":21,"loc":{"start":{"line":21,"column":4},"end":{"line":26,"column":3}},"locations":[{"start":{"line":21,"column":4},"end":{"line":26,"column":3}}]},"7":{"type":"branch","line":28,"loc":{"start":{"line":28,"column":10},"end":{"line":40,"column":3}},"locations":[{"start":{"line":28,"column":10},"end":{"line":40,"column":3}}]},"8":{"type":"branch","line":30,"loc":{"start":{"line":30,"column":47},"end":{"line":38,"column":5}},"locations":[{"start":{"line":30,"column":47},"end":{"line":38,"column":5}}]},"9":{"type":"branch","line":32,"loc":{"start":{"line":32,"column":47},"end":{"line":35,"column":7}},"locations":[{"start":{"line":32,"column":47},"end":{"line":35,"column":7}}]},"10":{"type":"branch","line":34,"loc":{"start":{"line":34,"column":27},"end":{"line":34,"column":43}},"locations":[{"start":{"line":34,"column":27},"end":{"line":34,"column":43}}]},"11":{"type":"branch","line":37,"loc":{"start":{"line":37,"column":23},"end":{"line":37,"column":39}},"locations":[{"start":{"line":37,"column":23},"end":{"line":37,"column":39}}]},"12":{"type":"branch","line":38,"loc":{"start":{"line":38,"column":4},"end":{"line":40,"column":3}},"locations":[{"start":{"line":38,"column":4},"end":{"line":40,"column":3}}]},"13":{"type":"branch","line":42,"loc":{"start":{"line":42,"column":10},"end":{"line":51,"column":3}},"locations":[{"start":{"line":42,"column":10},"end":{"line":51,"column":3}}]},"14":{"type":"branch","line":53,"loc":{"start":{"line":53,"column":10},"end":{"line":55,"column":3}},"locations":[{"start":{"line":53,"column":10},"end":{"line":55,"column":3}}]}},"b":{"0":[4],"1":[4],"2":[4],"3":[1],"4":[3],"5":[1],"6":[2],"7":[1670],"8":[13296],"9":[1668],"10":[0],"11":[1],"12":[1669],"13":[13296],"14":[13295]},"fnMap":{"0":{"name":"<instance_members_initializer>","decl":{"start":{"line":5,"column":0},"end":{"line":56,"column":1}},"loc":{"start":{"line":5,"column":0},"end":{"line":56,"column":1}},"line":5},"1":{"name":"FolderIsWithinRange","decl":{"start":{"line":10,"column":2},"end":{"line":12,"column":3}},"loc":{"start":{"line":10,"column":2},"end":{"line":12,"column":3}},"line":10},"2":{"name":"check","decl":{"start":{"line":14,"column":9},"end":{"line":26,"column":3}},"loc":{"start":{"line":14,"column":9},"end":{"line":26,"column":3}},"line":14},"3":{"name":"scanFolder","decl":{"start":{"line":28,"column":10},"end":{"line":40,"column":3}},"loc":{"start":{"line":28,"column":10},"end":{"line":40,"column":3}},"line":28},"4":{"name":"validateDate","decl":{"start":{"line":42,"column":10},"end":{"line":51,"column":3}},"loc":{"start":{"line":42,"column":10},"end":{"line":51,"column":3}},"line":42},"5":{"name":"getCurrentDate","decl":{"start":{"line":53,"column":10},"end":{"line":55,"column":3}},"loc":{"start":{"line":53,"column":10},"end":{"line":55,"column":3}},"line":53}},"f":{"0":4,"1":4,"2":4,"3":1670,"4":13296,"5":13295}}
}
