TN:
SF:src/helpers/file-date-checker.ts
FN:6,FileDateChecker
FN:10,check
FNF:2
FNH:2
FNDA:13298,FileDateChecker
FNDA:13298,check
DA:1,1
DA:2,1
DA:3,1
DA:4,1
DA:5,1
DA:6,1
DA:7,13298
DA:8,13298
DA:9,1
DA:10,1
DA:11,13298
DA:12,1
DA:13,1
DA:14,13297
DA:15,13297
DA:16,13297
DA:17,13297
DA:18,13297
DA:19,1
DA:20,1
DA:21,1
LF:21
LH:21
BRDA:6,0,0,13298
BRDA:10,1,0,13298
BRDA:11,2,0,13297
BRDA:11,3,0,1
BRF:4
BRH:4
end_of_record
TN:
SF:src/helpers/folder-is-within-range.ts
FN:5,<instance_members_initializer>
FN:10,FolderIsWithinRange
FN:14,check
FN:28,scanFolder
FN:42,validateDate
FN:53,getCurrentDate
FNF:6
FNH:6
FNDA:4,<instance_members_initializer>
FNDA:4,FolderIsWithinRange
FNDA:4,check
FNDA:1670,scanFolder
FNDA:13296,validateDate
FNDA:13295,getCurrentDate
DA:1,1
DA:2,1
DA:3,1
DA:4,1
DA:5,4
DA:6,4
DA:7,4
DA:8,4
DA:9,4
DA:10,4
DA:11,4
DA:12,4
DA:13,4
DA:14,4
DA:15,4
DA:16,1
DA:17,1
DA:18,3
DA:19,4
DA:20,1
DA:21,1
DA:22,2
DA:23,2
DA:24,2
DA:25,2
DA:26,2
DA:27,4
DA:28,4
DA:29,1670
DA:30,1670
DA:31,13296
DA:32,13296
DA:33,1668
DA:34,1668
DA:35,1668
DA:36,13296
DA:37,13296
DA:38,13296
DA:39,1669
DA:40,1669
DA:41,4
DA:42,4
DA:43,13296
DA:44,13296
DA:45,13296
DA:46,13296
DA:47,13296
DA:48,13296
DA:49,13296
DA:50,13296
DA:51,13296
DA:52,4
DA:53,4
DA:54,13295
DA:55,13295
DA:56,4
DA:57,1
DA:58,1
LF:58
LH:58
BRDA:5,0,0,4
BRDA:10,1,0,4
BRDA:14,2,0,4
BRDA:15,3,0,1
BRDA:17,4,0,3
BRDA:19,5,0,1
BRDA:21,6,0,2
BRDA:28,7,0,1670
BRDA:30,8,0,13296
BRDA:32,9,0,1668
BRDA:34,10,0,0
BRDA:37,11,0,1
BRDA:38,12,0,1669
BRDA:42,13,0,13296
BRDA:53,14,0,13295
BRF:15
BRH:14
end_of_record
